Build started 8/30/2015 1:47:29 AM.
     1>Project "C:\Users\erwin_000\Desktop\Projects to Upload on website\Application_of_binary_search\Application_of_binary_search\Application_of_binary_search.vcxproj" on node 2 (Rebuild target(s)).
     1>ClCompile:
         C:\Program Files (x86)\Microsoft Visual Studio 12.0\VC\bin\CL.exe /c /ZI /nologo /W3 /WX- /Od /Oy- /D WIN32 /D _DEBUG /D _CONSOLE /D _LIB /D _UNICODE /D UNICODE /Gm /EHsc /RTC1 /MDd /GS /fp:precise /Zc:wchar_t /Zc:forScope /Fo"Debug\\" /Fd"Debug\vc120.pdb" /Gd /TC /analyze- /errorReport:prompt Application_of_binary_search.c
         Application_of_binary_search.c
     1>c:\users\erwin_000\desktop\projects to upload on website\application_of_binary_search\application_of_binary_search\application_of_binary_search.c(29): warning C4996: 'scanf': This function or variable may be unsafe. Consider using scanf_s instead. To disable deprecation, use _CRT_SECURE_NO_WARNINGS. See online help for details.
                 c:\program files (x86)\microsoft visual studio 12.0\vc\include\stdio.h(283) : see declaration of 'scanf'
     1>c:\users\erwin_000\desktop\projects to upload on website\application_of_binary_search\application_of_binary_search\application_of_binary_search.c(31): warning C4996: 'fopen': This function or variable may be unsafe. Consider using fopen_s instead. To disable deprecation, use _CRT_SECURE_NO_WARNINGS. See online help for details.
                 c:\program files (x86)\microsoft visual studio 12.0\vc\include\stdio.h(211) : see declaration of 'fopen'
     1>c:\users\erwin_000\desktop\projects to upload on website\application_of_binary_search\application_of_binary_search\application_of_binary_search.c(35): warning C4996: 'fscanf': This function or variable may be unsafe. Consider using fscanf_s instead. To disable deprecation, use _CRT_SECURE_NO_WARNINGS. See online help for details.
                 c:\program files (x86)\microsoft visual studio 12.0\vc\include\stdio.h(230) : see declaration of 'fscanf'
     1>c:\users\erwin_000\desktop\projects to upload on website\application_of_binary_search\application_of_binary_search\application_of_binary_search.c(56): warning C4996: 'fscanf': This function or variable may be unsafe. Consider using fscanf_s instead. To disable deprecation, use _CRT_SECURE_NO_WARNINGS. See online help for details.
                 c:\program files (x86)\microsoft visual studio 12.0\vc\include\stdio.h(230) : see declaration of 'fscanf'
     1>c:\users\erwin_000\desktop\projects to upload on website\application_of_binary_search\application_of_binary_search\application_of_binary_search.c(59): warning C4996: 'fscanf': This function or variable may be unsafe. Consider using fscanf_s instead. To disable deprecation, use _CRT_SECURE_NO_WARNINGS. See online help for details.
                 c:\program files (x86)\microsoft visual studio 12.0\vc\include\stdio.h(230) : see declaration of 'fscanf'
     1>c:\users\erwin_000\desktop\projects to upload on website\application_of_binary_search\application_of_binary_search\application_of_binary_search.c(62): warning C4996: 'fscanf': This function or variable may be unsafe. Consider using fscanf_s instead. To disable deprecation, use _CRT_SECURE_NO_WARNINGS. See online help for details.
                 c:\program files (x86)\microsoft visual studio 12.0\vc\include\stdio.h(230) : see declaration of 'fscanf'
       Link:
         C:\Program Files (x86)\Microsoft Visual Studio 12.0\VC\bin\link.exe /ERRORREPORT:PROMPT /OUT:"C:\Users\erwin_000\Desktop\Projects to Upload on website\Application_of_binary_search\Debug\Application_of_binary_search.exe" /INCREMENTAL /NOLOGO kernel32.lib user32.lib gdi32.lib winspool.lib comdlg32.lib advapi32.lib shell32.lib ole32.lib oleaut32.lib uuid.lib odbc32.lib odbccp32.lib /MANIFEST /MANIFESTUAC:"level='asInvoker' uiAccess='false'" /manifest:embed /DEBUG /PDB:"C:\Users\erwin_000\Desktop\Projects to Upload on website\Application_of_binary_search\Debug\Application_of_binary_search.pdb" /SUBSYSTEM:CONSOLE /TLBID:1 /DYNAMICBASE /NXCOMPAT /IMPLIB:"C:\Users\erwin_000\Desktop\Projects to Upload on website\Application_of_binary_search\Debug\Application_of_binary_search.lib" /MACHINE:X86 Debug\Application_of_binary_search.obj
         Application_of_binary_search.vcxproj -> C:\Users\erwin_000\Desktop\Projects to Upload on website\Application_of_binary_search\Debug\Application_of_binary_search.exe
     1>Done Building Project "C:\Users\erwin_000\Desktop\Projects to Upload on website\Application_of_binary_search\Application_of_binary_search\Application_of_binary_search.vcxproj" (Rebuild target(s)).

Build succeeded.

Time Elapsed 00:00:11.15
